0 info it worked if it ends with ok
1 verbose cli [ '/Users/mota/.nvm/versions/node/v6.0.0/bin/node',
1 verbose cli   '/Users/mota/.nvm/versions/node/v6.0.0/bin/npm',
1 verbose cli   'start' ]
2 info using npm@3.8.6
3 info using node@v6.0.0
4 verbose run-script [ 'prestart', 'start', 'poststart' ]
5 info lifecycle mean@0.3.3~prestart: mean@0.3.3
6 silly lifecycle mean@0.3.3~prestart: no script for prestart, continuing
7 info lifecycle mean@0.3.3~start: mean@0.3.3
8 verbose lifecycle mean@0.3.3~start: unsafe-perm in lifecycle true
9 verbose lifecycle mean@0.3.3~start: PATH: /Users/mota/.nvm/versions/node/v6.0.0/lib/node_modules/npm/bin/node-gyp-bin:/Users/mota/Sandbox/find-me-burritos/node_modules/.bin:/Users/mota/.nvm/versions/node/v6.0.0/bin:/Users/mota/.nvm/versions/node/v6.0.0/bin:/Users/mota/.cargo/bin:/opt/local/bin:/opt/local/sbin:/Users/mota/.nix-profile/bin:/Users/mota/.nix-profile/sbin:/Users/mota/.cargo/bin:/Users/mota/.gvm/pkgsets/go1.10.3/global/bin:/Users/mota/.gvm/gos/go1.10.3/bin:/Users/mota/.gvm/pkgsets/go1.10.3/global/overlay/bin:/Users/mota/.gvm/bin:/Users/mota/.gvm/bin:/Library/Frameworks/Python.framework/Versions/3.6/bin:/Library/Frameworks/Python.framework/Versions/3.4/bin:/Users/mota/.cargo/bin:/bin:/sbin:/usr/bin:/usr/local/sbin:/usr/local/bin:~/.bin:/Users/mota/Library/Python/3.6/bin:/Users/mota/Library/Python/2.7/bin:/usr/local/heroku/bin:/Users/mota/bin:/usr/local/bin:/usr/bin:/bin:/usr/sbin:/sbin:/usr/local/go/bin:/Library/Frameworks/Mono.framework/Versions/Current/Commands:/Users/mota/.cargo/bin:/opt/local/bin:/opt/local/sbin:/Users/mota/.nix-profile/bin:/Users/mota/.nix-profile/sbin:/Users/mota/.gvm/pkgsets/go1.10.3/global/bin:/Users/mota/.gvm/gos/go1.10.3/bin:/Users/mota/.gvm/pkgsets/go1.10.3/global/overlay/bin:/Users/mota/.gvm/bin:/Library/Frameworks/Python.framework/Versions/3.6/bin:/Library/Frameworks/Python.framework/Versions/3.4/bin:/usr/local/sbin:~/.bin:/Users/mota/Library/Python/3.6/bin:/Users/mota/Library/Python/2.7/bin:/usr/local/heroku/bin:/Users/mota/bin:/Users/mota/.git-radar:~/Dropbox/Development/adt-bundle-mac-x86_64-20131030/sdk/tools:/Users/mota/Sandbox/reportal-e2e/slimerjs-0.10.0:/usr/local/opt/fzf/bin:/Users/mota/Sandbox/hyperledger/bin:/Users/mota/.rvm/bin:/Users/mota/go/bin:/Users/mota/.git-radar:~/Dropbox/Development/adt-bundle-mac-x86_64-20131030/sdk/tools:/Users/mota/Sandbox/reportal-e2e/slimerjs-0.10.0:/Users/mota/Sandbox/hyperledger/bin:/Users/mota/.rvm/bin:/Users/mota/go/bin:/Users/mota/.rvm/bin
10 verbose lifecycle mean@0.3.3~start: CWD: /Users/mota/Sandbox/find-me-burritos
11 silly lifecycle mean@0.3.3~start: Args: [ '-c', 'node node_modules/grunt-cli/bin/grunt' ]
12 silly lifecycle mean@0.3.3~start: Returned: code: 3  signal: null
13 info lifecycle mean@0.3.3~start: Failed to exec start script
14 verbose stack Error: mean@0.3.3 start: `node node_modules/grunt-cli/bin/grunt`
14 verbose stack Exit status 3
14 verbose stack     at EventEmitter.<anonymous> (/Users/mota/.nvm/versions/node/v6.0.0/lib/node_modules/npm/lib/utils/lifecycle.js:239:16)
14 verbose stack     at emitTwo (events.js:106:13)
14 verbose stack     at EventEmitter.emit (events.js:191:7)
14 verbose stack     at ChildProcess.<anonymous> (/Users/mota/.nvm/versions/node/v6.0.0/lib/node_modules/npm/lib/utils/spawn.js:24:14)
14 verbose stack     at emitTwo (events.js:106:13)
14 verbose stack     at ChildProcess.emit (events.js:191:7)
14 verbose stack     at maybeClose (internal/child_process.js:850:16)
14 verbose stack     at Process.ChildProcess._handle.onexit (internal/child_process.js:215:5)
15 verbose pkgid mean@0.3.3
16 verbose cwd /Users/mota/Sandbox/find-me-burritos
17 error Darwin 17.4.0
18 error argv "/Users/mota/.nvm/versions/node/v6.0.0/bin/node" "/Users/mota/.nvm/versions/node/v6.0.0/bin/npm" "start"
19 error node v6.0.0
20 error npm  v3.8.6
21 error code ELIFECYCLE
22 error mean@0.3.3 start: `node node_modules/grunt-cli/bin/grunt`
22 error Exit status 3
23 error Failed at the mean@0.3.3 start script 'node node_modules/grunt-cli/bin/grunt'.
23 error Make sure you have the latest version of node.js and npm installed.
23 error If you do, this is most likely a problem with the mean package,
23 error not with npm itself.
23 error Tell the author that this fails on your system:
23 error     node node_modules/grunt-cli/bin/grunt
23 error You can get information on how to open an issue for this project with:
23 error     npm bugs mean
23 error Or if that isn't available, you can get their info via:
23 error     npm owner ls mean
23 error There is likely additional logging output above.
24 verbose exit [ 1, true ]
